  main.c
  2440lib.c
c:\program files (x86)\windows kits\10\include\10.0.16299.0\ucrt\stdlib.h(1300): warning C4005: “max”: 宏重定义
  f:\shared\project\ospro\other\driver\inc\2440lib.h(19): note: 参见“max”的前一个定义
c:\program files (x86)\windows kits\10\include\10.0.16299.0\ucrt\stdlib.h(1301): warning C4005: “min”: 宏重定义
  f:\shared\project\ospro\other\driver\inc\2440lib.h(18): note: 参见“min”的前一个定义
  timer.c
f:\shared\project\ospro\other\driver\src\timer.c : warning C4819: 该文件包含不能在当前代码页(936)中表示的字符。请将该文件保存为 Unicode 格式以防止数据丢失
  正在生成代码...
main.obj : error LNK2019: 无法解析的外部符号 _os_sleep，该符号在函数 _task_a 中被引用
main.obj : error LNK2019: 无法解析的外部符号 _os_kthread_create，该符号在函数 _main 中被引用
main.obj : error LNK2019: 无法解析的外部符号 _os_sys_init，该符号在函数 _main 中被引用
main.obj : error LNK2019: 无法解析的外部符号 _os_sys_start，该符号在函数 _main 中被引用
timer.obj : error LNK2019: 无法解析的外部符号 _os_sys_tick，该符号在函数 _timer4_handler 中被引用
F:\shared\project\OsPro\Debug\other.exe : fatal error LNK1120: 5 个无法解析的外部命令
