  main.c
f:\shared\project\ospro\other\driver\inc\2440slib.h(17): error C2143: 语法错误: 缺少“)”(在“*”的前面)
f:\shared\project\ospro\other\driver\inc\2440slib.h(17): error C2143: 语法错误: 缺少“{”(在“*”的前面)
f:\shared\project\ospro\other\driver\inc\2440slib.h(17): error C2059: 语法错误:“)”
f:\shared\project\ospro\other\driver\inc\2440slib.h(18): error C2143: 语法错误: 缺少“)”(在“*”的前面)
f:\shared\project\ospro\other\driver\inc\2440slib.h(18): error C2143: 语法错误: 缺少“{”(在“*”的前面)
f:\shared\project\ospro\other\driver\inc\2440slib.h(18): error C2059: 语法错误:“)”
f:\shared\project\ospro\other\driver\inc\2440slib.h(27): error C2146: 语法错误: 缺少“)”(在标识符“base”的前面)
f:\shared\project\ospro\other\driver\inc\2440slib.h(27): error C2061: 语法错误: 标识符“base”
f:\shared\project\ospro\other\driver\inc\2440slib.h(27): error C2059: 语法错误:“;”
f:\shared\project\ospro\other\driver\inc\2440slib.h(27): error C2059: 语法错误:“)”
f:\shared\project\ospro\other\driver\inc\2440slib.h(28): error C2146: 语法错误: 缺少“)”(在标识符“domain”的前面)
f:\shared\project\ospro\other\driver\inc\2440slib.h(28): error C2061: 语法错误: 标识符“domain”
f:\shared\project\ospro\other\driver\inc\2440slib.h(28): error C2059: 语法错误:“;”
f:\shared\project\ospro\other\driver\inc\2440slib.h(28): error C2059: 语法错误:“)”
f:\shared\project\ospro\other\driver\inc\2440slib.h(35): error C2146: 语法错误: 缺少“)”(在标识符“mva”的前面)
f:\shared\project\ospro\other\driver\inc\2440slib.h(35): error C2061: 语法错误: 标识符“mva”
f:\shared\project\ospro\other\driver\inc\2440slib.h(35): error C2059: 语法错误:“;”
f:\shared\project\ospro\other\driver\inc\2440slib.h(35): error C2059: 语法错误:“)”
f:\shared\project\ospro\other\driver\inc\2440slib.h(36): error C2146: 语法错误: 缺少“)”(在标识符“mva”的前面)
f:\shared\project\ospro\other\driver\inc\2440slib.h(36): error C2061: 语法错误: 标识符“mva”
f:\shared\project\ospro\other\driver\inc\2440slib.h(36): error C2059: 语法错误:“;”
f:\shared\project\ospro\other\driver\inc\2440slib.h(36): error C2059: 语法错误:“)”
f:\shared\project\ospro\other\driver\inc\2440slib.h(38): error C2146: 语法错误: 缺少“)”(在标识符“mva”的前面)
f:\shared\project\ospro\other\driver\inc\2440slib.h(38): error C2061: 语法错误: 标识符“mva”
f:\shared\project\ospro\other\driver\inc\2440slib.h(38): error C2059: 语法错误:“;”
f:\shared\project\ospro\other\driver\inc\2440slib.h(38): error C2059: 语法错误:“)”
f:\shared\project\ospro\other\driver\inc\2440slib.h(39): error C2146: 语法错误: 缺少“)”(在标识符“mva”的前面)
f:\shared\project\ospro\other\driver\inc\2440slib.h(39): error C2061: 语法错误: 标识符“mva”
f:\shared\project\ospro\other\driver\inc\2440slib.h(39): error C2059: 语法错误:“;”
f:\shared\project\ospro\other\driver\inc\2440slib.h(39): error C2059: 语法错误:“)”
f:\shared\project\ospro\other\driver\inc\2440slib.h(40): error C2146: 语法错误: 缺少“)”(在标识符“mva”的前面)
f:\shared\project\ospro\other\driver\inc\2440slib.h(40): error C2061: 语法错误: 标识符“mva”
f:\shared\project\ospro\other\driver\inc\2440slib.h(40): error C2059: 语法错误:“;”
f:\shared\project\ospro\other\driver\inc\2440slib.h(40): error C2059: 语法错误:“)”
f:\shared\project\ospro\other\driver\inc\2440slib.h(41): error C2146: 语法错误: 缺少“)”(在标识符“index”的前面)
f:\shared\project\ospro\other\driver\inc\2440slib.h(41): error C2061: 语法错误: 标识符“index”
f:\shared\project\ospro\other\driver\inc\2440slib.h(41): error C2059: 语法错误:“;”
f:\shared\project\ospro\other\driver\inc\2440slib.h(41): error C2059: 语法错误:“)”
f:\shared\project\ospro\other\driver\inc\2440slib.h(42): error C2146: 语法错误: 缺少“)”(在标识符“index”的前面)
f:\shared\project\ospro\other\driver\inc\2440slib.h(42): error C2061: 语法错误: 标识符“index”
f:\shared\project\ospro\other\driver\inc\2440slib.h(42): error C2059: 语法错误:“;”
f:\shared\project\ospro\other\driver\inc\2440slib.h(42): error C2059: 语法错误:“)”
f:\shared\project\ospro\other\driver\inc\2440slib.h(47): error C2146: 语法错误: 缺少“)”(在标识符“mva”的前面)
f:\shared\project\ospro\other\driver\inc\2440slib.h(47): error C2061: 语法错误: 标识符“mva”
f:\shared\project\ospro\other\driver\inc\2440slib.h(47): error C2059: 语法错误:“;”
f:\shared\project\ospro\other\driver\inc\2440slib.h(47): error C2059: 语法错误:“)”
f:\shared\project\ospro\other\driver\inc\2440slib.h(49): error C2146: 语法错误: 缺少“)”(在标识符“mva”的前面)
f:\shared\project\ospro\other\driver\inc\2440slib.h(49): error C2061: 语法错误: 标识符“mva”
f:\shared\project\ospro\other\driver\inc\2440slib.h(49): error C2059: 语法错误:“;”
f:\shared\project\ospro\other\driver\inc\2440slib.h(49): error C2059: 语法错误:“)”
f:\shared\project\ospro\other\driver\inc\2440slib.h(51): error C2146: 语法错误: 缺少“)”(在标识符“base”的前面)
f:\shared\project\ospro\other\driver\inc\2440slib.h(51): error C2061: 语法错误: 标识符“base”
f:\shared\project\ospro\other\driver\inc\2440slib.h(51): error C2059: 语法错误:“;”
f:\shared\project\ospro\other\driver\inc\2440slib.h(51): error C2059: 语法错误:“)”
f:\shared\project\ospro\other\driver\inc\2440slib.h(52): error C2146: 语法错误: 缺少“)”(在标识符“base”的前面)
f:\shared\project\ospro\other\driver\inc\2440slib.h(52): error C2061: 语法错误: 标识符“base”
f:\shared\project\ospro\other\driver\inc\2440slib.h(52): error C2059: 语法错误:“;”
f:\shared\project\ospro\other\driver\inc\2440slib.h(52): error C2059: 语法错误:“)”
f:\shared\project\ospro\other\driver\inc\2440slib.h(54): error C2146: 语法错误: 缺少“)”(在标识符“baseVictim”的前面)
f:\shared\project\ospro\other\driver\inc\2440slib.h(54): error C2061: 语法错误: 标识符“baseVictim”
f:\shared\project\ospro\other\driver\inc\2440slib.h(54): error C2059: 语法错误:“;”
f:\shared\project\ospro\other\driver\inc\2440slib.h(54): error C2059: 语法错误:“)”
f:\shared\project\ospro\other\driver\inc\2440slib.h(55): error C2146: 语法错误: 缺少“)”(在标识符“baseVictim”的前面)
f:\shared\project\ospro\other\driver\inc\2440slib.h(55): error C2061: 语法错误: 标识符“baseVictim”
f:\shared\project\ospro\other\driver\inc\2440slib.h(55): error C2059: 语法错误:“;”
f:\shared\project\ospro\other\driver\inc\2440slib.h(55): error C2059: 语法错误:“)”
f:\shared\project\ospro\other\driver\inc\2440slib.h(57): error C2146: 语法错误: 缺少“)”(在标识符“pid”的前面)
f:\shared\project\ospro\other\driver\inc\2440slib.h(57): error C2061: 语法错误: 标识符“pid”
f:\shared\project\ospro\other\driver\inc\2440slib.h(57): error C2059: 语法错误:“;”
f:\shared\project\ospro\other\driver\inc\2440slib.h(57): error C2059: 语法错误:“)”
c:\program files (x86)\windows kits\10\include\10.0.16299.0\um\nb30.h(71): error C2059: 语法错误:“常数”
c:\program files (x86)\windows kits\10\include\10.0.16299.0\um\nb30.h(308): error C2146: 语法错误: 缺少“)”(在标识符“pncb”的前面)
c:\program files (x86)\windows kits\10\include\10.0.16299.0\um\nb30.h(308): error C2061: 语法错误: 标识符“pncb”
c:\program files (x86)\windows kits\10\include\10.0.16299.0\um\nb30.h(308): error C2059: 语法错误:“;”
c:\program files (x86)\windows kits\10\include\10.0.16299.0\um\nb30.h(309): error C2059: 语法错误:“)”
